<?xml version="1.0" encoding="UTF-8"?>
<!-- Generated by org.testng.reporters.JUnitReportReporter -->
<testsuite skipped="0" hostname="madank-z02" name="Flows.Markdown" tests="1" failures="0" timestamp="02 Mar 2023 06:32:26 GMT" time="4.587" errors="0">
  <testcase name="Create_MD_Publication" time="4.587" classname="Flows.Markdown"/>
</testsuite> <!-- Flows.Markdown -->
